mode: set
github.com/aniruddha/npm-ebpf-monitor/internal/session/detector.go:44.30,56.2 1 1
github.com/aniruddha/npm-ebpf-monitor/internal/session/detector.go:60.69,62.2 1 1
github.com/aniruddha/npm-ebpf-monitor/internal/session/detector.go:65.59,67.2 1 0
github.com/aniruddha/npm-ebpf-monitor/internal/session/detector.go:70.45,73.6 2 1
github.com/aniruddha/npm-ebpf-monitor/internal/session/detector.go:73.6,74.10 1 1
github.com/aniruddha/npm-ebpf-monitor/internal/session/detector.go:75.21,76.10 1 1
github.com/aniruddha/npm-ebpf-monitor/internal/session/detector.go:77.35,78.26 1 1
github.com/aniruddha/npm-ebpf-monitor/internal/session/detector.go:79.11,80.11 1 1
github.com/aniruddha/npm-ebpf-monitor/internal/session/detector.go:81.22,82.11 1 1
github.com/aniruddha/npm-ebpf-monitor/internal/session/detector.go:83.36,84.27 1 1
github.com/aniruddha/npm-ebpf-monitor/internal/session/detector.go:85.36,86.27 1 1
github.com/aniruddha/npm-ebpf-monitor/internal/session/detector.go:87.33,88.24 1 1
github.com/aniruddha/npm-ebpf-monitor/internal/session/detector.go:89.32,90.23 1 1
github.com/aniruddha/npm-ebpf-monitor/internal/session/detector.go:97.64,101.23 3 1
github.com/aniruddha/npm-ebpf-monitor/internal/session/detector.go:101.23,103.3 1 0
github.com/aniruddha/npm-ebpf-monitor/internal/session/detector.go:105.2,105.24 1 1
github.com/aniruddha/npm-ebpf-monitor/internal/session/detector.go:109.66,110.15 1 1
github.com/aniruddha/npm-ebpf-monitor/internal/session/detector.go:110.15,112.3 1 0
github.com/aniruddha/npm-ebpf-monitor/internal/session/detector.go:114.2,117.23 3 1
github.com/aniruddha/npm-ebpf-monitor/internal/session/detector.go:117.23,119.3 1 0
github.com/aniruddha/npm-ebpf-monitor/internal/session/detector.go:121.2,124.20 4 1
github.com/aniruddha/npm-ebpf-monitor/internal/session/detector.go:124.20,126.3 1 1
github.com/aniruddha/npm-ebpf-monitor/internal/session/detector.go:128.2,129.13 2 1
github.com/aniruddha/npm-ebpf-monitor/internal/session/detector.go:133.48,135.2 1 1
github.com/aniruddha/npm-ebpf-monitor/internal/session/detector.go:138.90,139.9 1 1
github.com/aniruddha/npm-ebpf-monitor/internal/session/detector.go:140.20,141.15 1 0
github.com/aniruddha/npm-ebpf-monitor/internal/session/detector.go:142.32,143.14 1 1
github.com/aniruddha/npm-ebpf-monitor/internal/session/detector.go:148.90,149.9 1 1
github.com/aniruddha/npm-ebpf-monitor/internal/session/detector.go:150.20,151.15 1 0
github.com/aniruddha/npm-ebpf-monitor/internal/session/detector.go:152.32,153.14 1 1
github.com/aniruddha/npm-ebpf-monitor/internal/session/detector.go:158.84,159.9 1 1
github.com/aniruddha/npm-ebpf-monitor/internal/session/detector.go:160.20,161.15 1 0
github.com/aniruddha/npm-ebpf-monitor/internal/session/detector.go:162.29,163.14 1 1
github.com/aniruddha/npm-ebpf-monitor/internal/session/detector.go:168.82,169.9 1 1
github.com/aniruddha/npm-ebpf-monitor/internal/session/detector.go:170.20,171.15 1 0
github.com/aniruddha/npm-ebpf-monitor/internal/session/detector.go:172.28,173.14 1 1
github.com/aniruddha/npm-ebpf-monitor/internal/session/detector.go:177.64,188.25 2 1
github.com/aniruddha/npm-ebpf-monitor/internal/session/detector.go:189.24,190.22 1 1
github.com/aniruddha/npm-ebpf-monitor/internal/session/detector.go:191.24,192.22 1 1
github.com/aniruddha/npm-ebpf-monitor/internal/session/detector.go:193.24,194.22 1 1
github.com/aniruddha/npm-ebpf-monitor/internal/session/detector.go:198.61,199.59 1 1
github.com/aniruddha/npm-ebpf-monitor/internal/session/detector.go:199.59,203.3 3 1
github.com/aniruddha/npm-ebpf-monitor/internal/session/detector.go:205.2,205.60 1 1
github.com/aniruddha/npm-ebpf-monitor/internal/session/detector.go:205.60,209.3 3 0
github.com/aniruddha/npm-ebpf-monitor/internal/session/detector.go:211.2,212.45 2 1
github.com/aniruddha/npm-ebpf-monitor/internal/session/detector.go:212.45,221.3 2 0
github.com/aniruddha/npm-ebpf-monitor/internal/session/detector.go:223.2,233.54 4 1
github.com/aniruddha/npm-ebpf-monitor/internal/session/detector.go:233.54,235.3 1 1
github.com/aniruddha/npm-ebpf-monitor/internal/session/detector.go:237.2,247.26 3 1
github.com/aniruddha/npm-ebpf-monitor/internal/session/detector.go:247.26,248.62 1 1
github.com/aniruddha/npm-ebpf-monitor/internal/session/detector.go:248.62,256.4 1 0
github.com/aniruddha/npm-ebpf-monitor/internal/session/detector.go:256.9,263.4 1 1
github.com/aniruddha/npm-ebpf-monitor/internal/session/detector.go:267.61,269.20 2 1
github.com/aniruddha/npm-ebpf-monitor/internal/session/detector.go:269.20,271.3 1 0
github.com/aniruddha/npm-ebpf-monitor/internal/session/detector.go:273.2,279.3 2 1
github.com/aniruddha/npm-ebpf-monitor/internal/session/detector.go:282.61,284.20 2 1
github.com/aniruddha/npm-ebpf-monitor/internal/session/detector.go:284.20,286.3 1 0
github.com/aniruddha/npm-ebpf-monitor/internal/session/detector.go:288.2,296.19 4 1
github.com/aniruddha/npm-ebpf-monitor/internal/session/detector.go:296.19,298.3 1 1
github.com/aniruddha/npm-ebpf-monitor/internal/session/detector.go:300.2,308.32 4 1
github.com/aniruddha/npm-ebpf-monitor/internal/session/detector.go:311.64,312.53 1 1
github.com/aniruddha/npm-ebpf-monitor/internal/session/detector.go:312.53,314.3 1 1
github.com/aniruddha/npm-ebpf-monitor/internal/session/detector.go:317.58,318.53 1 1
github.com/aniruddha/npm-ebpf-monitor/internal/session/detector.go:318.53,320.3 1 1
github.com/aniruddha/npm-ebpf-monitor/internal/session/detector.go:323.56,324.53 1 1
github.com/aniruddha/npm-ebpf-monitor/internal/session/detector.go:324.53,326.3 1 1
github.com/aniruddha/npm-ebpf-monitor/internal/session/detector.go:329.79,330.67 1 1
github.com/aniruddha/npm-ebpf-monitor/internal/session/detector.go:330.67,332.3 1 0
github.com/aniruddha/npm-ebpf-monitor/internal/session/detector.go:334.2,334.27 1 1
github.com/aniruddha/npm-ebpf-monitor/internal/session/detector.go:337.54,343.2 4 1
github.com/aniruddha/npm-ebpf-monitor/internal/session/detector.go:345.56,351.42 4 1
github.com/aniruddha/npm-ebpf-monitor/internal/session/detector.go:351.42,352.24 1 1
github.com/aniruddha/npm-ebpf-monitor/internal/session/detector.go:352.24,354.4 1 1
github.com/aniruddha/npm-ebpf-monitor/internal/session/detector.go:358.59,364.2 4 1
github.com/aniruddha/npm-ebpf-monitor/internal/session/detector.go:366.63,370.2 3 1
github.com/aniruddha/npm-ebpf-monitor/internal/session/detector.go:372.64,373.41 1 1
github.com/aniruddha/npm-ebpf-monitor/internal/session/detector.go:373.41,375.3 1 1
github.com/aniruddha/npm-ebpf-monitor/internal/session/detector.go:377.2,377.26 1 1
github.com/aniruddha/npm-ebpf-monitor/internal/session/detector.go:380.43,384.2 3 1
github.com/aniruddha/npm-ebpf-monitor/internal/session/detector.go:386.55,391.2 3 1
github.com/aniruddha/npm-ebpf-monitor/internal/session/detector.go:393.45,397.23 3 1
github.com/aniruddha/npm-ebpf-monitor/internal/session/detector.go:397.23,399.3 1 0
github.com/aniruddha/npm-ebpf-monitor/internal/session/detector.go:401.2,402.26 2 1
github.com/aniruddha/npm-ebpf-monitor/internal/session/detector.go:405.53,406.21 1 1
github.com/aniruddha/npm-ebpf-monitor/internal/session/detector.go:406.21,408.3 1 0
github.com/aniruddha/npm-ebpf-monitor/internal/session/detector.go:411.72,413.19 2 1
github.com/aniruddha/npm-ebpf-monitor/internal/session/detector.go:413.19,415.3 1 1
github.com/aniruddha/npm-ebpf-monitor/internal/session/detector.go:417.2,417.30 1 0
github.com/aniruddha/npm-ebpf-monitor/internal/session/detector.go:417.30,418.63 1 0
github.com/aniruddha/npm-ebpf-monitor/internal/session/detector.go:418.63,420.21 2 0
github.com/aniruddha/npm-ebpf-monitor/internal/session/detector.go:420.21,422.5 1 0
github.com/aniruddha/npm-ebpf-monitor/internal/session/detector.go:426.2,426.11 1 0
github.com/aniruddha/npm-ebpf-monitor/internal/session/detector.go:429.80,431.37 2 1
github.com/aniruddha/npm-ebpf-monitor/internal/session/detector.go:431.37,433.3 1 0
github.com/aniruddha/npm-ebpf-monitor/internal/session/detector.go:435.2,436.19 2 1
github.com/aniruddha/npm-ebpf-monitor/internal/session/detector.go:436.19,438.3 1 0
github.com/aniruddha/npm-ebpf-monitor/internal/session/detector.go:440.2,440.31 1 1
github.com/aniruddha/npm-ebpf-monitor/internal/session/detector.go:440.31,442.36 2 1
github.com/aniruddha/npm-ebpf-monitor/internal/session/detector.go:442.36,444.4 1 1
github.com/aniruddha/npm-ebpf-monitor/internal/session/detector.go:447.2,447.14 1 1
github.com/aniruddha/npm-ebpf-monitor/internal/session/detector.go:450.48,453.24 3 1
github.com/aniruddha/npm-ebpf-monitor/internal/session/detector.go:453.24,455.3 1 0
github.com/aniruddha/npm-ebpf-monitor/internal/session/detector.go:457.2,457.48 1 1
github.com/aniruddha/npm-ebpf-monitor/internal/session/detector.go:457.48,458.36 1 1
github.com/aniruddha/npm-ebpf-monitor/internal/session/detector.go:458.36,459.12 1 1
github.com/aniruddha/npm-ebpf-monitor/internal/session/detector.go:462.3,462.15 1 1
github.com/aniruddha/npm-ebpf-monitor/internal/session/detector.go:465.2,465.11 1 1
github.com/aniruddha/npm-ebpf-monitor/internal/session/detector.go:468.45,469.31 1 1
github.com/aniruddha/npm-ebpf-monitor/internal/session/detector.go:469.31,470.16 1 1
github.com/aniruddha/npm-ebpf-monitor/internal/session/detector.go:471.23,472.12 1 1
github.com/aniruddha/npm-ebpf-monitor/internal/session/detector.go:476.2,476.11 1 0
github.com/aniruddha/npm-ebpf-monitor/internal/session/detector.go:479.49,481.2 1 1
github.com/aniruddha/npm-ebpf-monitor/internal/session/detector.go:483.53,485.16 2 0
github.com/aniruddha/npm-ebpf-monitor/internal/session/detector.go:485.16,487.3 1 0
github.com/aniruddha/npm-ebpf-monitor/internal/session/detector.go:489.2,490.20 2 0
github.com/aniruddha/npm-ebpf-monitor/internal/session/detector.go:490.20,492.3 1 0
github.com/aniruddha/npm-ebpf-monitor/internal/session/detector.go:494.2,496.29 3 0
github.com/aniruddha/npm-ebpf-monitor/internal/session/detector.go:496.29,497.21 1 0
github.com/aniruddha/npm-ebpf-monitor/internal/session/detector.go:497.21,498.12 1 0
github.com/aniruddha/npm-ebpf-monitor/internal/session/detector.go:500.3,500.40 1 0
github.com/aniruddha/npm-ebpf-monitor/internal/session/detector.go:503.2,503.39 1 0
github.com/aniruddha/npm-ebpf-monitor/internal/session/detector.go:506.40,508.19 2 1
github.com/aniruddha/npm-ebpf-monitor/internal/session/detector.go:508.19,510.3 1 1
github.com/aniruddha/npm-ebpf-monitor/internal/session/detector.go:512.2,514.29 3 1
github.com/aniruddha/npm-ebpf-monitor/internal/session/detector.go:514.29,516.21 2 1
github.com/aniruddha/npm-ebpf-monitor/internal/session/detector.go:516.21,517.12 1 1
github.com/aniruddha/npm-ebpf-monitor/internal/session/detector.go:519.3,519.40 1 1
github.com/aniruddha/npm-ebpf-monitor/internal/session/detector.go:522.2,522.34 1 1
github.com/aniruddha/npm-ebpf-monitor/internal/session/detector.go:525.53,526.19 1 1
github.com/aniruddha/npm-ebpf-monitor/internal/session/detector.go:527.24,528.16 1 1
github.com/aniruddha/npm-ebpf-monitor/internal/session/detector.go:529.24,530.16 1 1
github.com/aniruddha/npm-ebpf-monitor/internal/session/detector.go:531.24,532.16 1 1
github.com/aniruddha/npm-ebpf-monitor/internal/session/detector.go:533.10,534.47 1 0
github.com/aniruddha/npm-ebpf-monitor/internal/session/router.go:25.11,33.2 1 1
github.com/aniruddha/npm-ebpf-monitor/internal/session/router.go:36.43,37.35 1 1
github.com/aniruddha/npm-ebpf-monitor/internal/session/router.go:37.35,39.3 1 0
github.com/aniruddha/npm-ebpf-monitor/internal/session/router.go:41.2,46.69 5 1
github.com/aniruddha/npm-ebpf-monitor/internal/session/router.go:46.69,47.10 1 1
github.com/aniruddha/npm-ebpf-monitor/internal/session/router.go:48.21,49.10 1 1
github.com/aniruddha/npm-ebpf-monitor/internal/session/router.go:50.30,51.11 1 1
github.com/aniruddha/npm-ebpf-monitor/internal/session/router.go:51.11,53.13 2 0
github.com/aniruddha/npm-ebpf-monitor/internal/session/router.go:55.4,55.35 1 1
github.com/aniruddha/npm-ebpf-monitor/internal/session/router.go:56.11,57.11 1 1
github.com/aniruddha/npm-ebpf-monitor/internal/session/router.go:58.22,59.11 1 1
github.com/aniruddha/npm-ebpf-monitor/internal/session/router.go:60.31,61.12 1 0
github.com/aniruddha/npm-ebpf-monitor/internal/session/router.go:61.12,63.14 2 0
github.com/aniruddha/npm-ebpf-monitor/internal/session/router.go:65.5,65.36 1 0
github.com/aniruddha/npm-ebpf-monitor/internal/session/router.go:66.30,67.12 1 1
github.com/aniruddha/npm-ebpf-monitor/internal/session/router.go:67.12,69.14 2 0
github.com/aniruddha/npm-ebpf-monitor/internal/session/router.go:71.5,71.65 1 1
github.com/aniruddha/npm-ebpf-monitor/internal/session/router.go:71.65,73.6 1 1
github.com/aniruddha/npm-ebpf-monitor/internal/session/router.go:74.31,75.12 1 1
github.com/aniruddha/npm-ebpf-monitor/internal/session/router.go:75.12,77.14 2 0
github.com/aniruddha/npm-ebpf-monitor/internal/session/router.go:79.5,79.65 1 1
github.com/aniruddha/npm-ebpf-monitor/internal/session/router.go:79.65,81.6 1 1
github.com/aniruddha/npm-ebpf-monitor/internal/session/router.go:82.30,83.12 1 1
github.com/aniruddha/npm-ebpf-monitor/internal/session/router.go:83.12,85.14 2 0
github.com/aniruddha/npm-ebpf-monitor/internal/session/router.go:87.5,87.65 1 1
github.com/aniruddha/npm-ebpf-monitor/internal/session/router.go:87.65,89.6 1 1
github.com/aniruddha/npm-ebpf-monitor/internal/session/session.go:46.61,48.23 2 1
github.com/aniruddha/npm-ebpf-monitor/internal/session/session.go:48.23,50.3 1 0
github.com/aniruddha/npm-ebpf-monitor/internal/session/session.go:52.2,66.3 1 1
github.com/aniruddha/npm-ebpf-monitor/internal/session/session.go:70.60,74.24 3 1
github.com/aniruddha/npm-ebpf-monitor/internal/session/session.go:74.24,76.3 1 0
github.com/aniruddha/npm-ebpf-monitor/internal/session/session.go:78.2,79.77 2 1
github.com/aniruddha/npm-ebpf-monitor/internal/session/session.go:83.60,87.28 3 1
github.com/aniruddha/npm-ebpf-monitor/internal/session/session.go:87.28,89.3 1 0
github.com/aniruddha/npm-ebpf-monitor/internal/session/session.go:90.2,90.23 1 1
github.com/aniruddha/npm-ebpf-monitor/internal/session/session.go:90.23,92.3 1 0
github.com/aniruddha/npm-ebpf-monitor/internal/session/session.go:94.2,96.34 3 1
github.com/aniruddha/npm-ebpf-monitor/internal/session/session.go:100.54,104.25 3 1
github.com/aniruddha/npm-ebpf-monitor/internal/session/session.go:104.25,106.3 1 0
github.com/aniruddha/npm-ebpf-monitor/internal/session/session.go:107.2,107.24 1 1
github.com/aniruddha/npm-ebpf-monitor/internal/session/session.go:107.24,109.3 1 0
github.com/aniruddha/npm-ebpf-monitor/internal/session/session.go:111.2,112.36 2 1
github.com/aniruddha/npm-ebpf-monitor/internal/session/session.go:116.52,120.21 3 1
github.com/aniruddha/npm-ebpf-monitor/internal/session/session.go:120.21,122.3 1 0
github.com/aniruddha/npm-ebpf-monitor/internal/session/session.go:124.2,133.4 1 1
github.com/aniruddha/npm-ebpf-monitor/internal/session/session.go:137.30,143.2 4 1
github.com/aniruddha/npm-ebpf-monitor/internal/session/session.go:146.40,150.23 3 1
github.com/aniruddha/npm-ebpf-monitor/internal/session/session.go:150.23,152.3 1 0
github.com/aniruddha/npm-ebpf-monitor/internal/session/session.go:154.2,154.24 1 1
github.com/aniruddha/npm-ebpf-monitor/internal/session/session.go:159.47,164.2 3 1
github.com/aniruddha/npm-ebpf-monitor/internal/session/session.go:168.43,172.23 3 1
github.com/aniruddha/npm-ebpf-monitor/internal/session/session.go:172.23,174.3 1 0
github.com/aniruddha/npm-ebpf-monitor/internal/session/session.go:176.2,177.24 2 1
github.com/aniruddha/npm-ebpf-monitor/internal/session/session.go:182.48,187.2 3 1
github.com/aniruddha/npm-ebpf-monitor/internal/session/session.go:189.39,191.15 2 1
github.com/aniruddha/npm-ebpf-monitor/internal/session/session.go:191.15,193.3 1 0
github.com/aniruddha/npm-ebpf-monitor/internal/session/session.go:195.2,195.27 1 1
